<?xml version="1.0" encoding="UTF-8"?>
<testsuite xmlns:xsi="http://www.w3.org/2001/XMLSchema-instance" xsi:schemaLocation="https://maven.apache.org/surefire/maven-surefire-plugin/xsd/surefire-test-report.xsd" name="TestRunner" time="198.218" tests="6" errors="0" skipped="0" failures="0">
  <properties>
[...]
</properties>
  <testcase name="Should be able to navigate to TruNarratibe website" classname="TA-102 User shoud be able to Navigate to TruNarrative Website" time="43.526"/>
  <testcase name="Search for TruNarrative in the google website" classname="TA-101 - User should be able to search for TruNarrative on google website" time="17.14"/>
  <testcase name="A scenario" classname="TA-103 Should be able view to the leadership team and their role" time="42.642"/>
  <testcase name="Should be able search for TruNarrative" classname="TA-501 Should be able to view TruNarrative leadership team" time="30.828"/>
  <testcase name="Should be able to redirected to TruNarratibe website" classname="TA-501 Should be able to view TruNarrative leadership team" time="26.775"/>
  <testcase name="Should be able view leadership team" classname="TA-501 Should be able to view TruNarrative leadership team" time="36.053"/>
</testsuite>